This file contains any messages produced by compilers while
running configure, to aid debugging if configure makes a mistake.

It was created by acp245 configure 1.6.3, which was
generated by GNU Autoconf 2.63.  Invocation command line was

  $ ./configure --prefix=/root/tmp_install/

## --------- ##
## Platform. ##
## --------- ##

hostname = localhost.localdomain
uname -m = i686
uname -r = 2.6.27.25-170.2.72.fc10.i686
uname -s = Linux
uname -v = #1 SMP Sun Jun 21 19:03:24 EDT 2009

/usr/bin/uname -p = unknown
/bin/uname -X     = unknown

/bin/arch              = i686
/usr/bin/arch -k       = unknown
/usr/convex/getsysinfo = unknown
/usr/bin/hostinfo      = unknown
/bin/machine           = unknown
/usr/bin/oslevel       = unknown
/bin/universe          = unknown

PATH: /usr/lib/qt-3.3/bin
PATH: /usr/kerberos/sbin
PATH: /usr/kerberos/bin
PATH: /usr/local/sbin
PATH: /usr/local/bin
PATH: /sbin
PATH: /bin
PATH: /usr/sbin
PATH: /usr/bin
PATH: /root/bin


## ----------- ##
## Core tests. ##
## ----------- ##

configure:2137: checking for a BSD-compatible install
configure:2205: result: /usr/bin/install -c
configure:2216: checking whether build environment is sane
configure:2276: result: yes
configure:2417: checking for a thread-safe mkdir -p
configure:2456: result: /bin/mkdir -p
configure:2469: checking for gawk
configure:2485: found /bin/gawk
configure:2496: result: gawk
configure:2507: checking whether make sets $(MAKE)
configure:2529: result: yes
configure:2639: checking for style of include used by make
configure:2667: result: GNU
configure:2737: checking for gcc
configure:2753: found /usr/bin/gcc
configure:2764: result: gcc
configure:2996: checking for C compiler version
configure:3004: gcc --version >&5
gcc (GCC) 4.3.2 20081105 (Red Hat 4.3.2-7)
Copyright (C) 2008 Free Software Foundation, Inc.
This is free software; see the source for copying conditions.  There is NO
warranty; not even for MERCHANTABILITY or FITNESS FOR A PARTICULAR PURPOSE.

configure:3008: $? = 0
configure:3015: gcc -v >&5
Using built-in specs.
Target: i386-redhat-linux
Configured with: ../configure --prefix=/usr --mandir=/usr/share/man --infodir=/usr/share/info --with-bugurl=http://bugzilla.redhat.com/bugzilla --enable-bootstrap --enable-shared --enable-threads=posix --enable-checking=release --with-system-zlib --enable-__cxa_atexit --disable-libunwind-exceptions --enable-languages=c,c++,objc,obj-c++,java,fortran,ada --enable-java-awt=gtk --disable-dssi --enable-plugin --with-java-home=/usr/lib/jvm/java-1.5.0-gcj-1.5.0.0/jre --enable-libgcj-multifile --enable-java-maintainer-mode --with-ecj-jar=/usr/share/java/eclipse-ecj.jar --disable-libjava-multilib --with-cpu=generic --build=i386-redhat-linux
Thread model: posix
gcc version 4.3.2 20081105 (Red Hat 4.3.2-7) (GCC) 
configure:3019: $? = 0
configure:3026: gcc -V >&5
gcc: '-V' option must have argument
configure:3030: $? = 1
configure:3053: checking for C compiler default output file name
configure:3075: gcc    conftest.c  >&5
configure:3079: $? = 0
configure:3117: result: a.out
configure:3136: checking whether the C compiler works
configure:3146: ./a.out
configure:3150: $? = 0
configure:3169: result: yes
configure:3176: checking whether we are cross compiling
configure:3178: result: no
configure:3181: checking for suffix of executables
configure:3188: gcc -o conftest    conftest.c  >&5
configure:3192: $? = 0
configure:3218: result: 
configure:3224: checking for suffix of object files
configure:3250: gcc -c   conftest.c >&5
configure:3254: $? = 0
configure:3279: result: o
configure:3283: checking whether we are using the GNU C compiler
configure:3312: gcc -c   conftest.c >&5
configure:3319: $? = 0
configure:3336: result: yes
configure:3345: checking whether gcc accepts -g
configure:3375: gcc -c -g  conftest.c >&5
configure:3382: $? = 0
configure:3483: result: yes
configure:3500: checking for gcc option to accept ISO C89
configure:3574: gcc  -c -g -O2  conftest.c >&5
configure:3581: $? = 0
configure:3604: result: none needed
configure:3624: checking dependency style of gcc
configure:3734: result: gcc3
configure:3755: checking how to run the C preprocessor
configure:3795: gcc -E  conftest.c
configure:3802: $? = 0
configure:3833: gcc -E  conftest.c
conftest.c:10:28: error: ac_nonexistent.h: No such file or directory
configure:3840: $? = 1
configure: failed program was:
| /* confdefs.h.  */
| #define PACKAGE_NAME "acp245"
| #define PACKAGE_TARNAME "acp245"
| #define PACKAGE_VERSION "1.6.3"
| #define PACKAGE_STRING "acp245 1.6.3"
| #define PACKAGE_BUGREPORT ""
| #define PACKAGE "acp245"
| #define VERSION "1.6.3"
| /* end confdefs.h.  */
| #include <ac_nonexistent.h>
configure:3873: result: gcc -E
configure:3902: gcc -E  conftest.c
configure:3909: $? = 0
configure:3940: gcc -E  conftest.c
conftest.c:10:28: error: ac_nonexistent.h: No such file or directory
configure:3947: $? = 1
configure: failed program was:
| /* confdefs.h.  */
| #define PACKAGE_NAME "acp245"
| #define PACKAGE_TARNAME "acp245"
| #define PACKAGE_VERSION "1.6.3"
| #define PACKAGE_STRING "acp245 1.6.3"
| #define PACKAGE_BUGREPORT ""
| #define PACKAGE "acp245"
| #define VERSION "1.6.3"
| /* end confdefs.h.  */
| #include <ac_nonexistent.h>
configure:3987: checking for grep that handles long lines and -e
configure:4047: result: /bin/grep
configure:4052: checking for egrep
configure:4116: result: /bin/grep -E
configure:4121: checking for ANSI C header files
configure:4151: gcc -c -g -O2  conftest.c >&5
configure:4158: $? = 0
configure:4257: gcc -o conftest -g -O2   conftest.c  >&5
configure:4261: $? = 0
configure:4267: ./conftest
configure:4271: $? = 0
configure:4289: result: yes
configure:4300: checking whether ln -s works
configure:4304: result: yes
configure:4311: checking whether make sets $(MAKE)
configure:4333: result: yes
configure:4356: checking for a BSD-compatible install
configure:4424: result: /usr/bin/install -c
configure:4513: checking build system type
configure:4531: result: i686-pc-linux-gnu
configure:4553: checking host system type
configure:4568: result: i686-pc-linux-gnu
configure:4590: checking for a sed that does not truncate output
configure:4646: result: /bin/sed
configure:4660: checking for ld used by gcc
configure:4727: result: /usr/bin/ld
configure:4736: checking if the linker (/usr/bin/ld) is GNU ld
configure:4751: result: yes
configure:4756: checking for /usr/bin/ld option to reload object files
configure:4763: result: -r
configure:4781: checking for BSD-compatible nm
configure:4830: result: /usr/bin/nm -B
configure:4834: checking how to recognize dependent libraries
configure:5020: result: pass_all
configure:5278: checking for sys/types.h
configure:5299: gcc -c -g -O2  conftest.c >&5
configure:5306: $? = 0
configure:5323: result: yes
configure:5278: checking for sys/stat.h
configure:5299: gcc -c -g -O2  conftest.c >&5
configure:5306: $? = 0
configure:5323: result: yes
configure:5278: checking for stdlib.h
configure:5299: gcc -c -g -O2  conftest.c >&5
configure:5306: $? = 0
configure:5323: result: yes
configure:5278: checking for string.h
configure:5299: gcc -c -g -O2  conftest.c >&5
configure:5306: $? = 0
configure:5323: result: yes
configure:5278: checking for memory.h
configure:5299: gcc -c -g -O2  conftest.c >&5
configure:5306: $? = 0
configure:5323: result: yes
configure:5278: checking for strings.h
configure:5299: gcc -c -g -O2  conftest.c >&5
configure:5306: $? = 0
configure:5323: result: yes
configure:5278: checking for inttypes.h
configure:5299: gcc -c -g -O2  conftest.c >&5
configure:5306: $? = 0
configure:5323: result: yes
configure:5278: checking for stdint.h
configure:5299: gcc -c -g -O2  conftest.c >&5
configure:5306: $? = 0
configure:5323: result: yes
configure:5278: checking for unistd.h
configure:5299: gcc -c -g -O2  conftest.c >&5
configure:5306: $? = 0
configure:5323: result: yes
configure:5353: checking dlfcn.h usability
configure:5370: gcc -c -g -O2  conftest.c >&5
configure:5377: $? = 0
configure:5391: result: yes
configure:5395: checking dlfcn.h presence
configure:5410: gcc -E  conftest.c
configure:5417: $? = 0
configure:5431: result: yes
configure:5459: checking for dlfcn.h
configure:5468: result: yes
configure:5541: checking for g++
configure:5571: result: no
configure:5541: checking for c++
configure:5571: result: no
configure:5541: checking for gpp
configure:5571: result: no
configure:5541: checking for aCC
configure:5571: result: no
configure:5541: checking for CC
configure:5571: result: no
configure:5541: checking for cxx
configure:5571: result: no
configure:5541: checking for cc++
configure:5571: result: no
configure:5541: checking for cl.exe
configure:5571: result: no
configure:5541: checking for FCC
configure:5571: result: no
configure:5541: checking for KCC
configure:5571: result: no
configure:5541: checking for RCC
configure:5571: result: no
configure:5541: checking for xlC_r
configure:5571: result: no
configure:5541: checking for xlC
configure:5571: result: no
configure:5595: checking for C++ compiler version
configure:5603: g++ --version >&5
./configure: line 5605: g++: command not found
configure:5607: $? = 127
configure:5614: g++ -v >&5
./configure: line 5616: g++: command not found
configure:5618: $? = 127
configure:5625: g++ -V >&5
./configure: line 5627: g++: command not found
configure:5629: $? = 127
configure:5632: checking whether we are using the GNU C++ compiler
configure:5661: g++ -c   conftest.cpp >&5
./configure: line 5663: g++: command not found
configure:5668: $? = 127
configure: failed program was:
| /* confdefs.h.  */
| #define PACKAGE_NAME "acp245"
| #define PACKAGE_TARNAME "acp245"
| #define PACKAGE_VERSION "1.6.3"
| #define PACKAGE_STRING "acp245 1.6.3"
| #define PACKAGE_BUGREPORT ""
| #define PACKAGE "acp245"
| #define VERSION "1.6.3"
| #define STDC_HEADERS 1
| #define HAVE_SYS_TYPES_H 1
| #define HAVE_SYS_STAT_H 1
| #define HAVE_STDLIB_H 1
| #define HAVE_STRING_H 1
| #define HAVE_MEMORY_H 1
| #define HAVE_STRINGS_H 1
| #define HAVE_INTTYPES_H 1
| #define HAVE_STDINT_H 1
| #define HAVE_UNISTD_H 1
| #define HAVE_DLFCN_H 1
| /* end confdefs.h.  */
| 
| int
| main ()
| {
| #ifndef __GNUC__
|        choke me
| #endif
| 
|   ;
|   return 0;
| }
configure:5685: result: no
configure:5694: checking whether g++ accepts -g
configure:5724: g++ -c -g  conftest.cpp >&5
./configure: line 5726: g++: command not found
configure:5731: $? = 127
configure: failed program was:
| /* confdefs.h.  */
| #define PACKAGE_NAME "acp245"
| #define PACKAGE_TARNAME "acp245"
| #define PACKAGE_VERSION "1.6.3"
| #define PACKAGE_STRING "acp245 1.6.3"
| #define PACKAGE_BUGREPORT ""
| #define PACKAGE "acp245"
| #define VERSION "1.6.3"
| #define STDC_HEADERS 1
| #define HAVE_SYS_TYPES_H 1
| #define HAVE_SYS_STAT_H 1
| #define HAVE_STDLIB_H 1
| #define HAVE_STRING_H 1
| #define HAVE_MEMORY_H 1
| #define HAVE_STRINGS_H 1
| #define HAVE_INTTYPES_H 1
| #define HAVE_STDINT_H 1
| #define HAVE_UNISTD_H 1
| #define HAVE_DLFCN_H 1
| /* end confdefs.h.  */
| 
| int
| main ()
| {
| 
|   ;
|   return 0;
| }
configure:5763: g++ -c   conftest.cpp >&5
./configure: line 5765: g++: command not found
configure:5770: $? = 127
configure: failed program was:
| /* confdefs.h.  */
| #define PACKAGE_NAME "acp245"
| #define PACKAGE_TARNAME "acp245"
| #define PACKAGE_VERSION "1.6.3"
| #define PACKAGE_STRING "acp245 1.6.3"
| #define PACKAGE_BUGREPORT ""
| #define PACKAGE "acp245"
| #define VERSION "1.6.3"
| #define STDC_HEADERS 1
| #define HAVE_SYS_TYPES_H 1
| #define HAVE_SYS_STAT_H 1
| #define HAVE_STDLIB_H 1
| #define HAVE_STRING_H 1
| #define HAVE_MEMORY_H 1
| #define HAVE_STRINGS_H 1
| #define HAVE_INTTYPES_H 1
| #define HAVE_STDINT_H 1
| #define HAVE_UNISTD_H 1
| #define HAVE_DLFCN_H 1
| /* end confdefs.h.  */
| 
| int
| main ()
| {
| 
|   ;
|   return 0;
| }
configure:5803: g++ -c -g  conftest.cpp >&5
./configure: line 5805: g++: command not found
configure:5810: $? = 127
configure: failed program was:
| /* confdefs.h.  */
| #define PACKAGE_NAME "acp245"
| #define PACKAGE_TARNAME "acp245"
| #define PACKAGE_VERSION "1.6.3"
| #define PACKAGE_STRING "acp245 1.6.3"
| #define PACKAGE_BUGREPORT ""
| #define PACKAGE "acp245"
| #define VERSION "1.6.3"
| #define STDC_HEADERS 1
| #define HAVE_SYS_TYPES_H 1
| #define HAVE_SYS_STAT_H 1
| #define HAVE_STDLIB_H 1
| #define HAVE_STRING_H 1
| #define HAVE_MEMORY_H 1
| #define HAVE_STRINGS_H 1
| #define HAVE_INTTYPES_H 1
| #define HAVE_STDINT_H 1
| #define HAVE_UNISTD_H 1
| #define HAVE_DLFCN_H 1
| /* end confdefs.h.  */
| 
| int
| main ()
| {
| 
|   ;
|   return 0;
| }
configure:5832: result: no
configure:5857: checking dependency style of g++
configure:5967: result: none
configure:6275: checking for g77
configure:6305: result: no
configure:6275: checking for xlf
configure:6305: result: no
configure:6275: checking for f77
configure:6305: result: no
configure:6275: checking for frt
configure:6305: result: no
configure:6275: checking for pgf77
configure:6305: result: no
configure:6275: checking for cf77
configure:6305: result: no
configure:6275: checking for fort77
configure:6305: result: no
configure:6275: checking for fl32
configure:6305: result: no
configure:6275: checking for af77
configure:6305: result: no
configure:6275: checking for xlf90
configure:6305: result: no
configure:6275: checking for f90
configure:6305: result: no
configure:6275: checking for pgf90
configure:6305: result: no
configure:6275: checking for pghpf
configure:6305: result: no
configure:6275: checking for epcf90
configure:6305: result: no
configure:6275: checking for gfortran
configure:6305: result: no
configure:6275: checking for g95
configure:6305: result: no
configure:6275: checking for xlf95
configure:6305: result: no
configure:6275: checking for f95
configure:6305: result: no
configure:6275: checking for fort
configure:6305: result: no
configure:6275: checking for ifort
configure:6305: result: no
configure:6275: checking for ifc
configure:6305: result: no
configure:6275: checking for efc
configure:6305: result: no
configure:6275: checking for pgf95
configure:6305: result: no
configure:6275: checking for lf95
configure:6305: result: no
configure:6275: checking for ftn
configure:6305: result: no
configure:6328: checking for Fortran 77 compiler version
configure:6336:  --version >&5
./configure: line 6338: --version: command not found
configure:6340: $? = 127
configure:6347:  -v >&5
./configure: line 6349: -v: command not found
configure:6351: $? = 127
configure:6358:  -V >&5
./configure: line 6360: -V: command not found
configure:6362: $? = 127
configure:6370: checking whether we are using the GNU Fortran 77 compiler
configure:6389:  -c  conftest.F >&5
./configure: line 6391: -c: command not found
configure:6396: $? = 127
configure: failed program was:
|       program main
| #ifndef __GNUC__
|        choke me
| #endif
| 
|       end
configure:6413: result: no
configure:6419: checking whether  accepts -g
configure:6436:  -c -g conftest.f >&5
./configure: line 6438: -c: command not found
configure:6443: $? = 127
configure: failed program was:
|       program main
| 
|       end
configure:6459: result: no
configure:6492: checking the maximum length of command line arguments
configure:6604: result: 1966080
configure:6616: checking command to parse /usr/bin/nm -B output from gcc object
configure:6721: gcc -c -g -O2  conftest.c >&5
configure:6724: $? = 0
configure:6728: /usr/bin/nm -B conftest.o \| sed -n -e 's/^.*[ 	]\([ABCDGIRSTW][ABCDGIRSTW]*\)[ 	][ 	]*\([_A-Za-z][_A-Za-z0-9]*\)$/\1 \2 \2/p' \> conftest.nm
configure:6731: $? = 0
configure:6783: gcc -o conftest -g -O2   conftest.c conftstm.o >&5
configure:6786: $? = 0
configure:6824: result: ok
configure:6828: checking for objdir
configure:6843: result: .libs
configure:6935: checking for ar
configure:6951: found /usr/bin/ar
configure:6962: result: ar
configure:7027: checking for ranlib
configure:7043: found /usr/bin/ranlib
configure:7054: result: ranlib
configure:7119: checking for strip
configure:7135: found /usr/bin/strip
configure:7146: result: strip
configure:7736: checking if gcc supports -fno-rtti -fno-exceptions
configure:7754: gcc -c -g -O2  -fno-rtti -fno-exceptions conftest.c >&5
cc1: warning: command line option "-fno-rtti" is valid for C++/ObjC++ but not for C
configure:7758: $? = 0
configure:7771: result: no
configure:7786: checking for gcc option to produce PIC
configure:8018: result: -fPIC
configure:8026: checking if gcc PIC flag -fPIC works
configure:8044: gcc -c -g -O2  -fPIC -DPIC conftest.c >&5
configure:8048: $? = 0
configure:8061: result: yes
configure:8089: checking if gcc static flag -static works
configure:8117: result: yes
configure:8127: checking if gcc supports -c -o file.o
configure:8148: gcc -c -g -O2  -o out/conftest2.o conftest.c >&5
configure:8152: $? = 0
configure:8174: result: yes
configure:8200: checking whether the gcc linker (/usr/bin/ld) supports shared libraries
configure:9188: result: yes
configure:9209: checking whether -lc should be explicitly linked in
configure:9214: gcc -c -g -O2  conftest.c >&5
configure:9217: $? = 0
configure:9232: gcc -shared conftest.o  -v -Wl,-soname -Wl,conftest -o conftest 2\>\&1 \| grep  -lc  \>/dev/null 2\>\&1
configure:9235: $? = 0
configure:9247: result: no
configure:9255: checking dynamic linker characteristics
configure:9859: result: GNU/Linux ld.so
configure:9883: checking how to hardcode library paths into programs
configure:9908: result: immediate
configure:9922: checking whether stripping libraries is possible
configure:9927: result: yes
configure:10757: checking if libtool supports shared libraries
configure:10759: result: yes
configure:10762: checking whether to build shared libraries
configure:10783: result: yes
configure:10786: checking whether to build static libraries
configure:10790: result: yes
configure:10884: creating libtool
configure:20262: checking for C++ compiler version
configure:20270: g++ --version >&5
./configure: line 20272: g++: command not found
configure:20274: $? = 127
configure:20281: g++ -v >&5
./configure: line 20283: g++: command not found
configure:20285: $? = 127
configure:20292: g++ -V >&5
./configure: line 20294: g++: command not found
configure:20296: $? = 127
configure:20299: checking whether we are using the GNU C++ compiler
configure:20352: result: no
configure:20361: checking whether g++ accepts -g
configure:20499: result: no
configure:20524: checking dependency style of g++
configure:20634: result: none
configure:20656: checking for wine
configure:20686: result: no
configure:20699: checking for winepath
configure:20729: result: no
configure:20749: checking for variable-length arrays
configure:20775: gcc -c -std=c89 -D__STRICT_ANSI__ -Wmissing-declarations -Wmissing-prototypes -Werror  conftest.c >&5
configure:20782: $? = 0
configure:20797: result: yes
configure:20807: checking for inline
configure:20833: gcc -c -std=c89 -D__STRICT_ANSI__ -Wmissing-declarations -Wmissing-prototypes -Werror  conftest.c >&5
conftest.c:24: error: expected '=', ',', ';', 'asm' or '__attribute__' before 'foo_t'
conftest.c:25: error: expected '=', ',', ';', 'asm' or '__attribute__' before 'foo_t'
configure:20840: $? = 1
configure: failed program was:
| /* confdefs.h.  */
| #define PACKAGE_NAME "acp245"
| #define PACKAGE_TARNAME "acp245"
| #define PACKAGE_VERSION "1.6.3"
| #define PACKAGE_STRING "acp245 1.6.3"
| #define PACKAGE_BUGREPORT ""
| #define PACKAGE "acp245"
| #define VERSION "1.6.3"
| #define STDC_HEADERS 1
| #define HAVE_SYS_TYPES_H 1
| #define HAVE_SYS_STAT_H 1
| #define HAVE_STDLIB_H 1
| #define HAVE_STRING_H 1
| #define HAVE_MEMORY_H 1
| #define HAVE_STRINGS_H 1
| #define HAVE_INTTYPES_H 1
| #define HAVE_STDINT_H 1
| #define HAVE_UNISTD_H 1
| #define HAVE_DLFCN_H 1
| #define HAVE_C_VARARRAYS 1
| /* end confdefs.h.  */
| #ifndef __cplusplus
| typedef int foo_t;
| static inline foo_t static_foo () {return 0; }
| inline foo_t foo () {return 0; }
| #endif
| 
configure:20833: gcc -c -std=c89 -D__STRICT_ANSI__ -Wmissing-declarations -Wmissing-prototypes -Werror  conftest.c >&5
cc1: warnings being treated as errors
conftest.c:25: error: no previous prototype for 'foo'
configure:20840: $? = 1
configure: failed program was:
| /* confdefs.h.  */
| #define PACKAGE_NAME "acp245"
| #define PACKAGE_TARNAME "acp245"
| #define PACKAGE_VERSION "1.6.3"
| #define PACKAGE_STRING "acp245 1.6.3"
| #define PACKAGE_BUGREPORT ""
| #define PACKAGE "acp245"
| #define VERSION "1.6.3"
| #define STDC_HEADERS 1
| #define HAVE_SYS_TYPES_H 1
| #define HAVE_SYS_STAT_H 1
| #define HAVE_STDLIB_H 1
| #define HAVE_STRING_H 1
| #define HAVE_MEMORY_H 1
| #define HAVE_STRINGS_H 1
| #define HAVE_INTTYPES_H 1
| #define HAVE_STDINT_H 1
| #define HAVE_UNISTD_H 1
| #define HAVE_DLFCN_H 1
| #define HAVE_C_VARARRAYS 1
| /* end confdefs.h.  */
| #ifndef __cplusplus
| typedef int foo_t;
| static __inline__ foo_t static_foo () {return 0; }
| __inline__ foo_t foo () {return 0; }
| #endif
| 
configure:20833: gcc -c -std=c89 -D__STRICT_ANSI__ -Wmissing-declarations -Wmissing-prototypes -Werror  conftest.c >&5
cc1: warnings being treated as errors
conftest.c:25: error: no previous prototype for 'foo'
configure:20840: $? = 1
configure: failed program was:
| /* confdefs.h.  */
| #define PACKAGE_NAME "acp245"
| #define PACKAGE_TARNAME "acp245"
| #define PACKAGE_VERSION "1.6.3"
| #define PACKAGE_STRING "acp245 1.6.3"
| #define PACKAGE_BUGREPORT ""
| #define PACKAGE "acp245"
| #define VERSION "1.6.3"
| #define STDC_HEADERS 1
| #define HAVE_SYS_TYPES_H 1
| #define HAVE_SYS_STAT_H 1
| #define HAVE_STDLIB_H 1
| #define HAVE_STRING_H 1
| #define HAVE_MEMORY_H 1
| #define HAVE_STRINGS_H 1
| #define HAVE_INTTYPES_H 1
| #define HAVE_STDINT_H 1
| #define HAVE_UNISTD_H 1
| #define HAVE_DLFCN_H 1
| #define HAVE_C_VARARRAYS 1
| /* end confdefs.h.  */
| #ifndef __cplusplus
| typedef int foo_t;
| static __inline foo_t static_foo () {return 0; }
| __inline foo_t foo () {return 0; }
| #endif
| 
configure:20858: result: no
configure:20879: checking whether byte ordering is bigendian
configure:20904: gcc -c -std=c89 -D__STRICT_ANSI__ -Wmissing-declarations -Wmissing-prototypes -Werror  conftest.c >&5
conftest.c:26: error: expected '=', ',', ';', 'asm' or '__attribute__' before 'a'
configure:20911: $? = 1
configure: failed program was:
| /* confdefs.h.  */
| #define PACKAGE_NAME "acp245"
| #define PACKAGE_TARNAME "acp245"
| #define PACKAGE_VERSION "1.6.3"
| #define PACKAGE_STRING "acp245 1.6.3"
| #define PACKAGE_BUGREPORT ""
| #define PACKAGE "acp245"
| #define VERSION "1.6.3"
| #define STDC_HEADERS 1
| #define HAVE_SYS_TYPES_H 1
| #define HAVE_SYS_STAT_H 1
| #define HAVE_STDLIB_H 1
| #define HAVE_STRING_H 1
| #define HAVE_MEMORY_H 1
| #define HAVE_STRINGS_H 1
| #define HAVE_INTTYPES_H 1
| #define HAVE_STDINT_H 1
| #define HAVE_UNISTD_H 1
| #define HAVE_DLFCN_H 1
| #define HAVE_C_VARARRAYS 1
| #ifndef __cplusplus
| #define inline 
| #endif
| /* end confdefs.h.  */
| #ifndef __APPLE_CC__
| 	       not a universal capable compiler
| 	     #endif
| 	     typedef int dummy;
| 
configure:20961: gcc -c -std=c89 -D__STRICT_ANSI__ -Wmissing-declarations -Wmissing-prototypes -Werror  conftest.c >&5
conftest.c: In function 'main':
conftest.c:32: error: 'bogus' undeclared (first use in this function)
conftest.c:32: error: (Each undeclared identifier is reported only once
conftest.c:32: error: for each function it appears in.)
conftest.c:32: error: expected ';' before 'endian'
configure:20968: $? = 1
configure: failed program was:
| /* confdefs.h.  */
| #define PACKAGE_NAME "acp245"
| #define PACKAGE_TARNAME "acp245"
| #define PACKAGE_VERSION "1.6.3"
| #define PACKAGE_STRING "acp245 1.6.3"
| #define PACKAGE_BUGREPORT ""
| #define PACKAGE "acp245"
| #define VERSION "1.6.3"
| #define STDC_HEADERS 1
| #define HAVE_SYS_TYPES_H 1
| #define HAVE_SYS_STAT_H 1
| #define HAVE_STDLIB_H 1
| #define HAVE_STRING_H 1
| #define HAVE_MEMORY_H 1
| #define HAVE_STRINGS_H 1
| #define HAVE_INTTYPES_H 1
| #define HAVE_STDINT_H 1
| #define HAVE_UNISTD_H 1
| #define HAVE_DLFCN_H 1
| #define HAVE_C_VARARRAYS 1
| #ifndef __cplusplus
| #define inline 
| #endif
| /* end confdefs.h.  */
| #include <sys/types.h>
| 	     #include <sys/param.h>
| 
| int
| main ()
| {
| #if ! (defined BYTE_ORDER && defined BIG_ENDIAN 		     && defined LITTLE_ENDIAN && BYTE_ORDER && BIG_ENDIAN 		     && LITTLE_ENDIAN)
| 	      bogus endian macros
| 	     #endif
| 
|   ;
|   return 0;
| }
configure:21057: gcc -c -std=c89 -D__STRICT_ANSI__ -Wmissing-declarations -Wmissing-prototypes -Werror  conftest.c >&5
conftest.c: In function 'main':
conftest.c:31: error: 'bogus' undeclared (first use in this function)
conftest.c:31: error: (Each undeclared identifier is reported only once
conftest.c:31: error: for each function it appears in.)
conftest.c:31: error: expected ';' before 'endian'
configure:21064: $? = 1
configure: failed program was:
| /* confdefs.h.  */
| #define PACKAGE_NAME "acp245"
| #define PACKAGE_TARNAME "acp245"
| #define PACKAGE_VERSION "1.6.3"
| #define PACKAGE_STRING "acp245 1.6.3"
| #define PACKAGE_BUGREPORT ""
| #define PACKAGE "acp245"
| #define VERSION "1.6.3"
| #define STDC_HEADERS 1
| #define HAVE_SYS_TYPES_H 1
| #define HAVE_SYS_STAT_H 1
| #define HAVE_STDLIB_H 1
| #define HAVE_STRING_H 1
| #define HAVE_MEMORY_H 1
| #define HAVE_STRINGS_H 1
| #define HAVE_INTTYPES_H 1
| #define HAVE_STDINT_H 1
| #define HAVE_UNISTD_H 1
| #define HAVE_DLFCN_H 1
| #define HAVE_C_VARARRAYS 1
| #ifndef __cplusplus
| #define inline 
| #endif
| /* end confdefs.h.  */
| #include <limits.h>
| 
| int
| main ()
| {
| #if ! (defined _LITTLE_ENDIAN || defined _BIG_ENDIAN)
| 	      bogus endian macros
| 	     #endif
| 
|   ;
|   return 0;
| }
configure:21227: gcc -o conftest -std=c89 -D__STRICT_ANSI__ -Wmissing-declarations -Wmissing-prototypes -Werror   conftest.c  >&5
configure:21231: $? = 0
configure:21237: ./conftest
configure:21241: $? = 0
configure:21259: result: no
configure:21289: checking size of char
configure:21594: gcc -o conftest -std=c89 -D__STRICT_ANSI__ -Wmissing-declarations -Wmissing-prototypes -Werror   conftest.c  >&5
configure:21598: $? = 0
configure:21604: ./conftest
configure:21608: $? = 0
configure:21634: result: 1
configure:21648: checking size of short
configure:21953: gcc -o conftest -std=c89 -D__STRICT_ANSI__ -Wmissing-declarations -Wmissing-prototypes -Werror   conftest.c  >&5
configure:21957: $? = 0
configure:21963: ./conftest
configure:21967: $? = 0
configure:21993: result: 2
configure:22007: checking size of int
configure:22312: gcc -o conftest -std=c89 -D__STRICT_ANSI__ -Wmissing-declarations -Wmissing-prototypes -Werror   conftest.c  >&5
configure:22316: $? = 0
configure:22322: ./conftest
configure:22326: $? = 0
configure:22352: result: 4
configure:22366: checking size of long
configure:22671: gcc -o conftest -std=c89 -D__STRICT_ANSI__ -Wmissing-declarations -Wmissing-prototypes -Werror   conftest.c  >&5
configure:22675: $? = 0
configure:22681: ./conftest
configure:22685: $? = 0
configure:22711: result: 4
configure:22725: checking size of float
configure:23030: gcc -o conftest -std=c89 -D__STRICT_ANSI__ -Wmissing-declarations -Wmissing-prototypes -Werror   conftest.c  >&5
configure:23034: $? = 0
configure:23040: ./conftest
configure:23044: $? = 0
configure:23070: result: 4
configure:23084: checking size of double
configure:23389: gcc -o conftest -std=c89 -D__STRICT_ANSI__ -Wmissing-declarations -Wmissing-prototypes -Werror   conftest.c  >&5
configure:23393: $? = 0
configure:23399: ./conftest
configure:23403: $? = 0
configure:23429: result: 8
configure:23530: checking for pkg-config
configure:23548: found /usr/bin/pkg-config
configure:23560: result: /usr/bin/pkg-config
configure:23585: checking pkg-config is at least version 0.9.0
configure:23588: result: yes
configure:23599: checking for e_libs
configure:23606: $PKG_CONFIG --exists --print-errors "e_libs-1.0"
configure:23609: $? = 0
configure:23622: $PKG_CONFIG --exists --print-errors "e_libs-1.0"
configure:23625: $? = 0
configure:23702: result: yes
configure:23711: checking for e_libs_buff
configure:23718: $PKG_CONFIG --exists --print-errors "e_libs_buff-1.0"
configure:23721: $? = 0
configure:23734: $PKG_CONFIG --exists --print-errors "e_libs_buff-1.0"
configure:23737: $? = 0
configure:23814: result: yes
configure:23823: checking for e_libs_check
configure:23830: $PKG_CONFIG --exists --print-errors "e_libs_check-1.0"
configure:23833: $? = 0
configure:23846: $PKG_CONFIG --exists --print-errors "e_libs_check-1.0"
configure:23849: $? = 0
configure:23926: result: yes
configure:23935: checking for e_libs_utils
configure:23942: $PKG_CONFIG --exists --print-errors "e_libs_utils-1.0"
configure:23945: $? = 0
configure:23958: $PKG_CONFIG --exists --print-errors "e_libs_utils-1.0"
configure:23961: $? = 0
configure:24038: result: yes
configure:24090: checking for a Python interpreter with version >= 2.5
configure:24107: python -c import sys # split strings by '.' and convert to numeric. Append some zeros # because we need at least 4 digits for the hex conversion. # map returns an iterator in Python 3.0 and a list in 2.x minver = list(map(int, '2.5'.split('.'))) + [0, 0, 0] minverhex = 0 # xrange is not present in Python 3.0 and range returns an iterator for i in list(range(0, 4)): minverhex = (minverhex << 8) + minver[i] sys.exit(sys.hexversion < minverhex)
configure:24110: $? = 0
configure:24117: result: python
configure:24125: checking for python
configure:24143: found /usr/bin/python
configure:24155: result: /usr/bin/python
configure:24175: checking for python version
configure:24182: result: 2.5
configure:24194: checking for python platform
configure:24201: result: linux2
configure:24208: checking for python script directory
configure:24229: result: ${prefix}/lib/python2.5/site-packages
configure:24238: checking for python extension module directory
configure:24259: result: ${exec_prefix}/lib/python2.5/site-packages
configure:24416: creating ./config.status

## ---------------------- ##
## Running config.status. ##
## ---------------------- ##

This file was extended by acp245 config.status 1.6.3, which was
generated by GNU Autoconf 2.63.  Invocation command line was

  CONFIG_FILES    = 
  CONFIG_HEADERS  = 
  CONFIG_LINKS    = 
  CONFIG_COMMANDS = 
  $ ./config.status 

on localhost.localdomain

config.status:842: creating Makefile
config.status:842: creating Makefile.win
config.status:842: creating Makefile.wm
config.status:842: creating src/Makefile
config.status:842: creating src/Makefile.win
config.status:842: creating src/acp245.h
config.status:842: creating python/Makefile
config.status:842: creating python/Makefile.win
config.status:842: creating python/src/Makefile.win
config.status:842: creating tests/Makefile
config.status:842: creating tests/Makefile.win
config.status:842: creating doc/Makefile
config.status:842: creating doxygen/doxyfile
config.status:842: creating acp245-1.0.pc
config.status:842: creating acp245_config.h
config.status:1116: executing depfiles commands

## ---------------- ##
## Cache variables. ##
## ---------------- ##

ac_cv_build=i686-pc-linux-gnu
ac_cv_c_bigendian=no
ac_cv_c_compiler_gnu=yes
ac_cv_c_inline=no
ac_cv_c_vararrays=yes
ac_cv_cxx_compiler_gnu=no
ac_cv_env_CCC_set=
ac_cv_env_CCC_value=
ac_cv_env_CC_set=
ac_cv_env_CC_value=
ac_cv_env_CFLAGS_set=
ac_cv_env_CFLAGS_value=
ac_cv_env_CPPFLAGS_set=
ac_cv_env_CPPFLAGS_value=
ac_cv_env_CPP_set=
ac_cv_env_CPP_value=
ac_cv_env_CXXCPP_set=
ac_cv_env_CXXCPP_value=
ac_cv_env_CXXFLAGS_set=
ac_cv_env_CXXFLAGS_value=
ac_cv_env_CXX_set=
ac_cv_env_CXX_value=
ac_cv_env_F77_set=
ac_cv_env_F77_value=
ac_cv_env_FFLAGS_set=
ac_cv_env_FFLAGS_value=
ac_cv_env_LDFLAGS_set=
ac_cv_env_LDFLAGS_value=
ac_cv_env_LIBS_set=
ac_cv_env_LIBS_value=
ac_cv_env_PKG_CONFIG_set=
ac_cv_env_PKG_CONFIG_value=
ac_cv_env_build_alias_set=
ac_cv_env_build_alias_value=
ac_cv_env_e_libs_CFLAGS_set=
ac_cv_env_e_libs_CFLAGS_value=
ac_cv_env_e_libs_LIBS_set=
ac_cv_env_e_libs_LIBS_value=
ac_cv_env_e_libs_buff_CFLAGS_set=
ac_cv_env_e_libs_buff_CFLAGS_value=
ac_cv_env_e_libs_buff_LIBS_set=
ac_cv_env_e_libs_buff_LIBS_value=
ac_cv_env_e_libs_check_CFLAGS_set=
ac_cv_env_e_libs_check_CFLAGS_value=
ac_cv_env_e_libs_check_LIBS_set=
ac_cv_env_e_libs_check_LIBS_value=
ac_cv_env_e_libs_utils_CFLAGS_set=
ac_cv_env_e_libs_utils_CFLAGS_value=
ac_cv_env_e_libs_utils_LIBS_set=
ac_cv_env_e_libs_utils_LIBS_value=
ac_cv_env_host_alias_set=
ac_cv_env_host_alias_value=
ac_cv_env_target_alias_set=
ac_cv_env_target_alias_value=
ac_cv_f77_compiler_gnu=no
ac_cv_header_dlfcn_h=yes
ac_cv_header_inttypes_h=yes
ac_cv_header_memory_h=yes
ac_cv_header_stdc=yes
ac_cv_header_stdint_h=yes
ac_cv_header_stdlib_h=yes
ac_cv_header_string_h=yes
ac_cv_header_strings_h=yes
ac_cv_header_sys_stat_h=yes
ac_cv_header_sys_types_h=yes
ac_cv_header_unistd_h=yes
ac_cv_host=i686-pc-linux-gnu
ac_cv_objext=o
ac_cv_path_EGREP='/bin/grep -E'
ac_cv_path_GREP=/bin/grep
ac_cv_path_PYTHON=/usr/bin/python
ac_cv_path_ac_pt_PKG_CONFIG=/usr/bin/pkg-config
ac_cv_path_install='/usr/bin/install -c'
ac_cv_path_mkdir=/bin/mkdir
ac_cv_prog_AWK=gawk
ac_cv_prog_CPP='gcc -E'
ac_cv_prog_ac_ct_AR=ar
ac_cv_prog_ac_ct_CC=gcc
ac_cv_prog_ac_ct_RANLIB=ranlib
ac_cv_prog_ac_ct_STRIP=strip
ac_cv_prog_cc_c89=
ac_cv_prog_cc_g=yes
ac_cv_prog_cxx_g=no
ac_cv_prog_f77_g=no
ac_cv_prog_make_make_set=yes
ac_cv_sizeof_char=1
ac_cv_sizeof_double=8
ac_cv_sizeof_float=4
ac_cv_sizeof_int=4
ac_cv_sizeof_long=4
ac_cv_sizeof_short=2
am_cv_CC_dependencies_compiler_type=gcc3
am_cv_CXX_dependencies_compiler_type=none
am_cv_pathless_PYTHON=python
am_cv_python_platform=linux2
am_cv_python_pyexecdir='${exec_prefix}/lib/python2.5/site-packages'
am_cv_python_pythondir='${prefix}/lib/python2.5/site-packages'
am_cv_python_version=2.5
lt_cv_deplibs_check_method=pass_all
lt_cv_file_magic_cmd='$MAGIC_CMD'
lt_cv_file_magic_test_file=
lt_cv_ld_reload_flag=-r
lt_cv_objdir=.libs
lt_cv_path_LD=/usr/bin/ld
lt_cv_path_NM='/usr/bin/nm -B'
lt_cv_path_SED=/bin/sed
lt_cv_prog_compiler_c_o=yes
lt_cv_prog_compiler_pic_works=yes
lt_cv_prog_compiler_rtti_exceptions=no
lt_cv_prog_compiler_static_works=yes
lt_cv_prog_gnu_ld=yes
lt_cv_sys_global_symbol_pipe='sed -n -e '\''s/^.*[ 	]\([ABCDGIRSTW][ABCDGIRSTW]*\)[ 	][ 	]*\([_A-Za-z][_A-Za-z0-9]*\)$/\1 \2 \2/p'\'''
lt_cv_sys_global_symbol_to_c_name_address='sed -n -e '\''s/^: \([^ ]*\) $/  {\"\1\", (lt_ptr) 0},/p'\'' -e '\''s/^[BCDEGRST] \([^ ]*\) \([^ ]*\)$/  {"\2", (lt_ptr) \&\2},/p'\'''
lt_cv_sys_global_symbol_to_cdecl='sed -n -e '\''s/^. .* \(.*\)$/extern int \1;/p'\'''
lt_cv_sys_lib_dlsearch_path_spec='/usr/lib /lib /usr/lib/qt-3.3/lib /usr/lib/xulrunner-1.9 '
lt_cv_sys_lib_search_path_spec='/usr/lib /lib /usr/local/lib'
lt_cv_sys_max_cmd_len=1966080
lt_lt_cv_prog_compiler_c_o='"yes"'
lt_lt_cv_sys_global_symbol_pipe='"sed -n -e '\''s/^.*[ 	]\\([ABCDGIRSTW][ABCDGIRSTW]*\\)[ 	][ 	]*\\([_A-Za-z][_A-Za-z0-9]*\\)\$/\\1 \\2 \\2/p'\''"'
lt_lt_cv_sys_global_symbol_to_c_name_address='"sed -n -e '\''s/^: \\([^ ]*\\) \$/  {\\\"\\1\\\", (lt_ptr) 0},/p'\'' -e '\''s/^[BCDEGRST] \\([^ ]*\\) \\([^ ]*\\)\$/  {\"\\2\", (lt_ptr) \\&\\2},/p'\''"'
lt_lt_cv_sys_global_symbol_to_cdecl='"sed -n -e '\''s/^. .* \\(.*\\)\$/extern int \\1;/p'\''"'
pkg_cv_e_libs_CFLAGS='-I/usr/include/e_libs/  '
pkg_cv_e_libs_LIBS='-L/usr/lib/ -le_libs  '
pkg_cv_e_libs_buff_CFLAGS='-I/usr/include/e_libs/  '
pkg_cv_e_libs_buff_LIBS='-L/usr/lib/ -le_libs -le_libs_buff  '
pkg_cv_e_libs_check_CFLAGS='-I/usr/include/e_libs/  '
pkg_cv_e_libs_check_LIBS='-L/usr/lib/e_libs/ -le_libs_check  '
pkg_cv_e_libs_utils_CFLAGS='-I/usr/include/e_libs/  '
pkg_cv_e_libs_utils_LIBS='-L/usr/lib/ -le_libs -le_libs_utils -levent  '

## ----------------- ##
## Output variables. ##
## ----------------- ##

ACLOCAL='${SHELL} /root/svn/acp245/tags/acp245_1_6_3/missing --run aclocal-1.11'
AMDEPBACKSLASH='\'
AMDEP_FALSE='#'
AMDEP_TRUE=''
AMTAR='${SHELL} /root/svn/acp245/tags/acp245_1_6_3/missing --run tar'
AR='ar'
AUTOCONF='${SHELL} /root/svn/acp245/tags/acp245_1_6_3/missing --run autoconf'
AUTOHEADER='${SHELL} /root/svn/acp245/tags/acp245_1_6_3/missing --run autoheader'
AUTOMAKE='${SHELL} /root/svn/acp245/tags/acp245_1_6_3/missing --run automake-1.11'
AWK='gawk'
CC='gcc'
CCDEPMODE='depmode=gcc3'
CFLAGS='-Wall -Wcast-align -Wmissing-declarations -Wmissing-prototypes -Wstrict-prototypes -Wpointer-arith -Wreturn-type -Wfloat-equal -Wdeclaration-after-statement -Wshadow -Wwrite-strings -Werror -std=c89 -pedantic -Os'
CPP='gcc -E'
CPPFLAGS=''
CXX='g++'
CXXCPP=''
CXXDEPMODE='depmode=none'
CXXFLAGS=''
CYGPATH_W='echo'
DEFS='-DHAVE_CONFIG_H'
DEPDIR='.deps'
DSYMUTIL=''
ECHO='echo'
ECHO_C=''
ECHO_N='-n'
ECHO_T=''
EGREP='/bin/grep -E'
EXEEXT=''
F77=''
FFLAGS=''
GREP='/bin/grep'
INSTALL_DATA='${INSTALL} -m 644'
INSTALL_PROGRAM='${INSTALL}'
INSTALL_SCRIPT='${INSTALL}'
INSTALL_STRIP_PROGRAM='$(install_sh) -c -s'
LDFLAGS=''
LIBOBJS=''
LIBS=''
LIBTOOL='$(SHELL) $(top_builddir)/libtool'
LN_S='ln -s'
LTLIBOBJS=''
MAKEINFO='${SHELL} /root/svn/acp245/tags/acp245_1_6_3/missing --run makeinfo'
MKDIR_P='/bin/mkdir -p'
NMEDIT=''
OBJEXT='o'
PACKAGE='acp245'
PACKAGE_BUGREPORT=''
PACKAGE_NAME='acp245'
PACKAGE_STRING='acp245 1.6.3'
PACKAGE_TARNAME='acp245'
PACKAGE_VERSION='1.6.3'
PATH_SEPARATOR=':'
PKG_CONFIG='/usr/bin/pkg-config'
PYTHON='/usr/bin/python'
PYTHON_EXEC_PREFIX='${exec_prefix}'
PYTHON_PLATFORM='linux2'
PYTHON_PREFIX='${prefix}'
PYTHON_VERSION='2.5'
RANLIB='ranlib'
SED='/bin/sed'
SET_MAKE=''
SHELL='/bin/sh'
STRIP='strip'
TARGET_LD_OPTS=''
VERSION='1.6.3'
VERSION_INFO='0:0:0'
WINE=''
WINEPATH=''
ac_ct_CC='gcc'
ac_ct_CXX=''
ac_ct_F77=''
am__EXEEXT_FALSE=''
am__EXEEXT_TRUE='#'
am__fastdepCC_FALSE='#'
am__fastdepCC_TRUE=''
am__fastdepCXX_FALSE=''
am__fastdepCXX_TRUE='#'
am__include='include'
am__isrc=''
am__leading_dot='.'
am__quote=''
am__tar='${AMTAR} chof - "$$tardir"'
am__untar='${AMTAR} xf -'
bindir='${exec_prefix}/bin'
build='i686-pc-linux-gnu'
build_alias=''
build_cpu='i686'
build_os='linux-gnu'
build_vendor='pc'
datadir='${datarootdir}'
datarootdir='${prefix}/share'
docdir='${datarootdir}/doc/${PACKAGE_TARNAME}'
dvidir='${docdir}'
e_libs_CFLAGS='-I/usr/include/e_libs/  '
e_libs_LIBS='-L/usr/lib/ -le_libs  '
e_libs_buff_CFLAGS='-I/usr/include/e_libs/  '
e_libs_buff_LIBS='-L/usr/lib/ -le_libs -le_libs_buff  '
e_libs_check_CFLAGS='-I/usr/include/e_libs/  '
e_libs_check_LIBS='-L/usr/lib/e_libs/ -le_libs_check  '
e_libs_utils_CFLAGS='-I/usr/include/e_libs/  '
e_libs_utils_LIBS='-L/usr/lib/ -le_libs -le_libs_utils -levent  '
exec_prefix='${prefix}'
host='i686-pc-linux-gnu'
host_alias=''
host_cpu='i686'
host_os='linux-gnu'
host_vendor='pc'
htmldir='${docdir}'
includedir='${prefix}/include'
infodir='${datarootdir}/info'
install_sh='${SHELL} /root/svn/acp245/tags/acp245_1_6_3/install-sh'
libdir='${exec_prefix}/lib'
libexecdir='${exec_prefix}/libexec'
localedir='${datarootdir}/locale'
localstatedir='${prefix}/var'
mandir='${datarootdir}/man'
mkdir_p='/bin/mkdir -p'
oldincludedir='/usr/include'
pdfdir='${docdir}'
pkgpyexecdir='${pyexecdir}/acp245'
pkgpythondir='${pythondir}/acp245'
prefix='/root/tmp_install'
program_transform_name='s,x,x,'
psdir='${docdir}'
pyexecdir='${exec_prefix}/lib/python2.5/site-packages'
pythondir='${prefix}/lib/python2.5/site-packages'
sbindir='${exec_prefix}/sbin'
sharedstatedir='${prefix}/com'
sysconfdir='${prefix}/etc'
target_alias=''

## ----------- ##
## confdefs.h. ##
## ----------- ##

#define PACKAGE_NAME "acp245"
#define PACKAGE_TARNAME "acp245"
#define PACKAGE_VERSION "1.6.3"
#define PACKAGE_STRING "acp245 1.6.3"
#define PACKAGE_BUGREPORT ""
#define PACKAGE "acp245"
#define VERSION "1.6.3"
#define STDC_HEADERS 1
#define HAVE_SYS_TYPES_H 1
#define HAVE_SYS_STAT_H 1
#define HAVE_STDLIB_H 1
#define HAVE_STRING_H 1
#define HAVE_MEMORY_H 1
#define HAVE_STRINGS_H 1
#define HAVE_INTTYPES_H 1
#define HAVE_STDINT_H 1
#define HAVE_UNISTD_H 1
#define HAVE_DLFCN_H 1
#define HAVE_C_VARARRAYS 1
#ifndef __cplusplus
#define inline 
#endif
#define SIZEOF_CHAR 1
#define SIZEOF_SHORT 2
#define SIZEOF_INT 4
#define SIZEOF_LONG 4
#define SIZEOF_FLOAT 4
#define SIZEOF_DOUBLE 8

configure: exit 0
